<?xml version="1.0" encoding="UTF-8"?>
<!DOCTYPE coverage SYSTEM "http://cobertura.sourceforge.net/xml/coverage-04.dtd">
<coverage line-rate="0.015064244572441" branch-rate="0" lines-covered="34" lines-valid="2257" branches-covered="0" branches-valid="0" complexity="522" version="0.4" timestamp="1723827663">
  <sources>
    <source>/app/src</source>
  </sources>
  <packages>
    <package name="Building/BuildController.php" line-rate="0" branch-rate="0" complexity="5">
      <classes>
        <class name="Playground\Make\Swagger\Building\BuildController" filename="Building/BuildController.php" line-rate="0" branch-rate="0" complexity="5">
          <methods>
            <method name="doc_controller" signature="" line-rate="0" branch-rate="0" complexity="5">
              <lines>
                <line number="23" hits="0"/>
                <line number="25" hits="0"/>
                <line number="27" hits="0"/>
                <line number="29" hits="0"/>
                <line number="30" hits="0"/>
                <line number="32" hits="0"/>
                <line number="34" hits="0"/>
                <line number="36" hits="0"/>
                <line number="37" hits="0"/>
                <line number="38" hits="0"/>
                <line number="39" hits="0"/>
                <line number="40" hits="0"/>
                <line number="41" hits="0"/>
                <line number="43" hits="0"/>
                <line number="44" hits="0"/>
                <line number="45" hits="0"/>
                <line number="47" hits="0"/>
                <line number="48" hits="0"/>
                <line number="49" hits="0"/>
                <line number="50" hits="0"/>
                <line number="51" hits="0"/>
                <line number="52" hits="0"/>
                <line number="53" hits="0"/>
                <line number="54" hits="0"/>
                <line number="56" hits="0"/>
                <line number="57" hits="0"/>
              </lines>
            </method>
          </methods>
          <lines>
            <line number="23" hits="0"/>
            <line number="25" hits="0"/>
            <line number="27" hits="0"/>
            <line number="29" hits="0"/>
            <line number="30" hits="0"/>
            <line number="32" hits="0"/>
            <line number="34" hits="0"/>
            <line number="36" hits="0"/>
            <line number="37" hits="0"/>
            <line number="38" hits="0"/>
            <line number="39" hits="0"/>
            <line number="40" hits="0"/>
            <line number="41" hits="0"/>
            <line number="43" hits="0"/>
            <line number="44" hits="0"/>
            <line number="45" hits="0"/>
            <line number="47" hits="0"/>
            <line number="48" hits="0"/>
            <line number="49" hits="0"/>
            <line number="50" hits="0"/>
            <line number="51" hits="0"/>
            <line number="52" hits="0"/>
            <line number="53" hits="0"/>
            <line number="54" hits="0"/>
            <line number="56" hits="0"/>
            <line number="57" hits="0"/>
          </lines>
        </class>
      </classes>
    </package>
    <package name="Building/BuildControllerForm.php" line-rate="0" branch-rate="0" complexity="12">
      <classes>
        <class name="Playground\Make\Swagger\Building\BuildControllerForm" filename="Building/BuildControllerForm.php" line-rate="0" branch-rate="0" complexity="12">
          <methods>
            <method name="doc_controller_create" signature="string $name" line-rate="0" branch-rate="0" complexity="1">
              <lines>
                <line number="19" hits="0"/>
                <line number="20" hits="0"/>
                <line number="22" hits="0"/>
                <line number="23" hits="0"/>
                <line number="24" hits="0"/>
                <line number="25" hits="0"/>
                <line number="26" hits="0"/>
                <line number="27" hits="0"/>
                <line number="28" hits="0"/>
                <line number="29" hits="0"/>
                <line number="30" hits="0"/>
                <line number="31" hits="0"/>
                <line number="32" hits="0"/>
                <line number="33" hits="0"/>
                <line number="35" hits="0"/>
                <line number="37" hits="0"/>
                <line number="39" hits="0"/>
                <line number="41" hits="0"/>
              </lines>
            </method>
            <method name="doc_controller_create_config" signature="string $name, Playground\Make\Swagger\Configuration\Swagger\Controller\PathCreate $pathCreate" line-rate="0" branch-rate="0" complexity="5">
              <lines>
                <line number="49" hits="0"/>
                <line number="52" hits="0"/>
                <line number="53" hits="0"/>
                <line number="54" hits="0"/>
                <line number="55" hits="0"/>
                <line number="56" hits="0"/>
                <line number="57" hits="0"/>
                <line number="59" hits="0"/>
                <line number="60" hits="0"/>
                <line number="61" hits="0"/>
                <line number="62" hits="0"/>
                <line number="63" hits="0"/>
                <line number="65" hits="0"/>
                <line number="67" hits="0"/>
                <line number="68" hits="0"/>
                <line number="69" hits="0"/>
                <line number="70" hits="0"/>
                <line number="71" hits="0"/>
                <line number="72" hits="0"/>
                <line number="73" hits="0"/>
                <line number="74" hits="0"/>
                <line number="75" hits="0"/>
                <line number="76" hits="0"/>
                <line number="77" hits="0"/>
                <line number="78" hits="0"/>
                <line number="79" hits="0"/>
                <line number="80" hits="0"/>
                <line number="81" hits="0"/>
                <line number="82" hits="0"/>
                <line number="83" hits="0"/>
                <line number="85" hits="0"/>
                <line number="86" hits="0"/>
                <line number="87" hits="0"/>
                <line number="88" hits="0"/>
                <line number="89" hits="0"/>
                <line number="92" hits="0"/>
                <line number="93" hits="0"/>
                <line number="94" hits="0"/>
                <line number="97" hits="0"/>
                <line number="98" hits="0"/>
                <line number="99" hits="0"/>
                <line number="100" hits="0"/>
                <line number="101" hits="0"/>
                <line number="102" hits="0"/>
                <line number="103" hits="0"/>
                <line number="104" hits="0"/>
                <line number="105" hits="0"/>
                <line number="106" hits="0"/>
                <line number="107" hits="0"/>
                <line number="108" hits="0"/>
                <line number="111" hits="0"/>
                <line number="112" hits="0"/>
                <line number="113" hits="0"/>
                <line number="114" hits="0"/>
                <line number="115" hits="0"/>
                <line number="116" hits="0"/>
                <line number="117" hits="0"/>
                <line number="118" hits="0"/>
                <line number="120" hits="0"/>
                <line number="121" hits="0"/>
                <line number="122" hits="0"/>
                <line number="123" hits="0"/>
                <line number="124" hits="0"/>
                <line number="125" hits="0"/>
                <line number="126" hits="0"/>
                <line number="127" hits="0"/>
                <line number="128" hits="0"/>
                <line number="129" hits="0"/>
                <line number="130" hits="0"/>
                <line number="131" hits="0"/>
                <line number="132" hits="0"/>
                <line number="134" hits="0"/>
              </lines>
            </method>
            <method name="doc_controller_edit" signature="string $name" line-rate="0" branch-rate="0" complexity="1">
              <lines>
                <line number="139" hits="0"/>
                <line number="140" hits="0"/>
                <line number="142" hits="0"/>
                <line number="143" hits="0"/>
                <line number="144" hits="0"/>
                <line number="145" hits="0"/>
                <line number="146" hits="0"/>
                <line number="147" hits="0"/>
                <line number="148" hits="0"/>
                <line number="149" hits="0"/>
                <line number="150" hits="0"/>
                <line number="151" hits="0"/>
                <line number="152" hits="0"/>
                <line number="153" hits="0"/>
                <line number="155" hits="0"/>
                <line number="157" hits="0"/>
                <line number="159" hits="0"/>
                <line number="161" hits="0"/>
              </lines>
            </method>
            <method name="doc_controller_edit_config" signature="string $name, Playground\Make\Swagger\Configuration\Swagger\Controller\PathEdit $pathEdit" line-rate="0" branch-rate="0" complexity="5">
              <lines>
                <line number="169" hits="0"/>
                <line number="171" hits="0"/>
                <line number="172" hits="0"/>
                <line number="173" hits="0"/>
                <line number="174" hits="0"/>
                <line number="175" hits="0"/>
                <line number="176" hits="0"/>
                <line number="178" hits="0"/>
                <line number="179" hits="0"/>
                <line number="180" hits="0"/>
                <line number="181" hits="0"/>
                <line number="182" hits="0"/>
                <line number="183" hits="0"/>
                <line number="184" hits="0"/>
                <line number="185" hits="0"/>
                <line number="186" hits="0"/>
                <line number="187" hits="0"/>
                <line number="188" hits="0"/>
                <line number="189" hits="0"/>
                <line number="191" hits="0"/>
                <line number="192" hits="0"/>
                <line number="193" hits="0"/>
                <line number="194" hits="0"/>
                <line number="195" hits="0"/>
                <line number="197" hits="0"/>
                <line number="199" hits="0"/>
                <line number="200" hits="0"/>
                <line number="201" hits="0"/>
                <line number="202" hits="0"/>
                <line number="203" hits="0"/>
                <line number="204" hits="0"/>
                <line number="205" hits="0"/>
                <line number="206" hits="0"/>
                <line number="207" hits="0"/>
                <line number="208" hits="0"/>
                <line number="209" hits="0"/>
                <line number="210" hits="0"/>
                <line number="211" hits="0"/>
                <line number="212" hits="0"/>
                <line number="213" hits="0"/>
                <line number="214" hits="0"/>
                <line number="215" hits="0"/>
                <line number="217" hits="0"/>
                <line number="218" hits="0"/>
                <line number="219" hits="0"/>
                <line number="220" hits="0"/>
                <line number="221" hits="0"/>
                <line number="224" hits="0"/>
                <line number="225" hits="0"/>
                <line number="226" hits="0"/>
                <line number="229" hits="0"/>
                <line number="230" hits="0"/>
                <line number="231" hits="0"/>
                <line number="232" hits="0"/>
                <line number="233" hits="0"/>
                <line number="234" hits="0"/>
                <line number="235" hits="0"/>
                <line number="236" hits="0"/>
                <line number="237" hits="0"/>
                <line number="238" hits="0"/>
                <line number="239" hits="0"/>
                <line number="240" hits="0"/>
                <line number="243" hits="0"/>
                <line number="244" hits="0"/>
                <line number="245" hits="0"/>
                <line number="246" hits="0"/>
                <line number="247" hits="0"/>
                <line number="248" hits="0"/>
                <line number="249" hits="0"/>
                <line number="250" hits="0"/>
                <line number="252" hits="0"/>
                <line number="253" hits="0"/>
                <line number="254" hits="0"/>
                <line number="255" hits="0"/>
                <line number="256" hits="0"/>
                <line number="257" hits="0"/>
                <line number="258" hits="0"/>
                <line number="259" hits="0"/>
                <line number="260" hits="0"/>
                <line number="261" hits="0"/>
                <line number="262" hits="0"/>
                <line number="263" hits="0"/>
                <line number="264" hits="0"/>
                <line number="266" hits="0"/>
              </lines>
            </method>
          </methods>
          <lines>
            <line number="19" hits="0"/>
            <line number="20" hits="0"/>
            <line number="22" hits="0"/>
            <line number="23" hits="0"/>
            <line number="24" hits="0"/>
            <line number="25" hits="0"/>
            <line number="26" hits="0"/>
            <line number="27" hits="0"/>
            <line number="28" hits="0"/>
            <line number="29" hits="0"/>
            <line number="30" hits="0"/>
            <line number="31" hits="0"/>
            <line number="32" hits="0"/>
            <line number="33" hits="0"/>
            <line number="35" hits="0"/>
            <line number="37" hits="0"/>
            <line number="39" hits="0"/>
            <line number="41" hits="0"/>
            <line number="49" hits="0"/>
            <line number="52" hits="0"/>
            <line number="53" hits="0"/>
            <line number="54" hits="0"/>
            <line number="55" hits="0"/>
            <line number="56" hits="0"/>
            <line number="57" hits="0"/>
            <line number="59" hits="0"/>
            <line number="60" hits="0"/>
            <line number="61" hits="0"/>
            <line number="62" hits="0"/>
            <line number="63" hits="0"/>
            <line number="65" hits="0"/>
            <line number="67" hits="0"/>
            <line number="68" hits="0"/>
            <line number="69" hits="0"/>
            <line number="70" hits="0"/>
            <line number="71" hits="0"/>
            <line number="72" hits="0"/>
            <line number="73" hits="0"/>
            <line number="74" hits="0"/>
            <line number="75" hits="0"/>
            <line number="76" hits="0"/>
            <line number="77" hits="0"/>
            <line number="78" hits="0"/>
            <line number="79" hits="0"/>
            <line number="80" hits="0"/>
            <line number="81" hits="0"/>
            <line number="82" hits="0"/>
            <line number="83" hits="0"/>
            <line number="85" hits="0"/>
            <line number="86" hits="0"/>
            <line number="87" hits="0"/>
            <line number="88" hits="0"/>
            <line number="89" hits="0"/>
            <line number="92" hits="0"/>
            <line number="93" hits="0"/>
            <line number="94" hits="0"/>
            <line number="97" hits="0"/>
            <line number="98" hits="0"/>
            <line number="99" hits="0"/>
            <line number="100" hits="0"/>
            <line number="101" hits="0"/>
            <line number="102" hits="0"/>
            <line number="103" hits="0"/>
            <line number="104" hits="0"/>
            <line number="105" hits="0"/>
            <line number="106" hits="0"/>
            <line number="107" hits="0"/>
            <line number="108" hits="0"/>
            <line number="111" hits="0"/>
            <line number="112" hits="0"/>
            <line number="113" hits="0"/>
            <line number="114" hits="0"/>
            <line number="115" hits="0"/>
            <line number="116" hits="0"/>
            <line number="117" hits="0"/>
            <line number="118" hits="0"/>
            <line number="120" hits="0"/>
            <line number="121" hits="0"/>
            <line number="122" hits="0"/>
            <line number="123" hits="0"/>
            <line number="124" hits="0"/>
            <line number="125" hits="0"/>
            <line number="126" hits="0"/>
            <line number="127" hits="0"/>
            <line number="128" hits="0"/>
            <line number="129" hits="0"/>
            <line number="130" hits="0"/>
            <line number="131" hits="0"/>
            <line number="132" hits="0"/>
            <line number="134" hits="0"/>
            <line number="139" hits="0"/>
            <line number="140" hits="0"/>
            <line number="142" hits="0"/>
            <line number="143" hits="0"/>
            <line number="144" hits="0"/>
            <line number="145" hits="0"/>
            <line number="146" hits="0"/>
            <line number="147" hits="0"/>
            <line number="148" hits="0"/>
            <line number="149" hits="0"/>
            <line number="150" hits="0"/>
            <line number="151" hits="0"/>
            <line number="152" hits="0"/>
            <line number="153" hits="0"/>
            <line number="155" hits="0"/>
            <line number="157" hits="0"/>
            <line number="159" hits="0"/>
            <line number="161" hits="0"/>
            <line number="169" hits="0"/>
            <line number="171" hits="0"/>
            <line number="172" hits="0"/>
            <line number="173" hits="0"/>
            <line number="174" hits="0"/>
            <line number="175" hits="0"/>
            <line number="176" hits="0"/>
            <line number="178" hits="0"/>
            <line number="179" hits="0"/>
            <line number="180" hits="0"/>
            <line number="181" hits="0"/>
            <line number="182" hits="0"/>
            <line number="183" hits="0"/>
            <line number="184" hits="0"/>
            <line number="185" hits="0"/>
            <line number="186" hits="0"/>
            <line number="187" hits="0"/>
            <line number="188" hits="0"/>
            <line number="189" hits="0"/>
            <line number="191" hits="0"/>
            <line number="192" hits="0"/>
            <line number="193" hits="0"/>
            <line number="194" hits="0"/>
            <line number="195" hits="0"/>
            <line number="197" hits="0"/>
            <line number="199" hits="0"/>
            <line number="200" hits="0"/>
            <line number="201" hits="0"/>
            <line number="202" hits="0"/>
            <line number="203" hits="0"/>
            <line number="204" hits="0"/>
            <line number="205" hits="0"/>
            <line number="206" hits="0"/>
            <line number="207" hits="0"/>
            <line number="208" hits="0"/>
            <line number="209" hits="0"/>
            <line number="210" hits="0"/>
            <line number="211" hits="0"/>
            <line number="212" hits="0"/>
            <line number="213" hits="0"/>
            <line number="214" hits="0"/>
            <line number="215" hits="0"/>
            <line number="217" hits="0"/>
            <line number="218" hits="0"/>
            <line number="219" hits="0"/>
            <line number="220" hits="0"/>
            <line number="221" hits="0"/>
            <line number="224" hits="0"/>
            <line number="225" hits="0"/>
            <line number="226" hits="0"/>
            <line number="229" hits="0"/>
            <line number="230" hits="0"/>
            <line number="231" hits="0"/>
            <line number="232" hits="0"/>
            <line number="233" hits="0"/>
            <line number="234" hits="0"/>
            <line number="235" hits="0"/>
            <line number="236" hits="0"/>
            <line number="237" hits="0"/>
            <line number="238" hits="0"/>
            <line number="239" hits="0"/>
            <line number="240" hits="0"/>
            <line number="243" hits="0"/>
            <line number="244" hits="0"/>
            <line number="245" hits="0"/>
            <line number="246" hits="0"/>
            <line number="247" hits="0"/>
            <line number="248" hits="0"/>
            <line number="249" hits="0"/>
            <line number="250" hits="0"/>
            <line number="252" hits="0"/>
            <line number="253" hits="0"/>
            <line number="254" hits="0"/>
            <line number="255" hits="0"/>
            <line number="256" hits="0"/>
            <line number="257" hits="0"/>
            <line number="258" hits="0"/>
            <line number="259" hits="0"/>
            <line number="260" hits="0"/>
            <line number="261" hits="0"/>
            <line number="262" hits="0"/>
            <line number="263" hits="0"/>
            <line number="264" hits="0"/>
            <line number="266" hits="0"/>
          </lines>
        </class>
      </classes>
    </package>
    <package name="Building/BuildControllerId.php" line-rate="0" branch-rate="0" complexity="2">
      <classes>
        <class name="Playground\Make\Swagger\Building\BuildControllerId" filename="Building/BuildControllerId.php" line-rate="0" branch-rate="0" complexity="2">
          <methods>
            <method name="doc_controller_id" signature="string $name" line-rate="0" branch-rate="0" complexity="1">
              <lines>
                <line number="19" hits="0"/>
                <line number="20" hits="0"/>
                <line number="22" hits="0"/>
                <line number="23" hits="0"/>
                <line number="24" hits="0"/>
                <line number="25" hits="0"/>
                <line number="26" hits="0"/>
                <line number="27" hits="0"/>
                <line number="28" hits="0"/>
                <line number="29" hits="0"/>
                <line number="30" hits="0"/>
                <line number="31" hits="0"/>
                <line number="32" hits="0"/>
                <line number="33" hits="0"/>
                <line number="35" hits="0"/>
                <line number="37" hits="0"/>
                <line number="39" hits="0"/>
                <line number="41" hits="0"/>
                <line number="43" hits="0"/>
              </lines>
            </method>
            <method name="doc_controller_id_config" signature="string $name, Playground\Make\Swagger\Configuration\Swagger\Controller\PathId $pathId" line-rate="0" branch-rate="0" complexity="1">
              <lines>
                <line number="51" hits="0"/>
                <line number="52" hits="0"/>
                <line number="53" hits="0"/>
                <line number="54" hits="0"/>
                <line number="55" hits="0"/>
                <line number="56" hits="0"/>
                <line number="57" hits="0"/>
                <line number="59" hits="0"/>
                <line number="60" hits="0"/>
                <line number="61" hits="0"/>
                <line number="62" hits="0"/>
                <line number="63" hits="0"/>
                <line number="64" hits="0"/>
                <line number="65" hits="0"/>
                <line number="66" hits="0"/>
                <line number="67" hits="0"/>
                <line number="68" hits="0"/>
                <line number="69" hits="0"/>
                <line number="70" hits="0"/>
                <line number="72" hits="0"/>
                <line number="73" hits="0"/>
                <line number="74" hits="0"/>
                <line number="75" hits="0"/>
                <line number="76" hits="0"/>
                <line number="77" hits="0"/>
                <line number="78" hits="0"/>
                <line number="79" hits="0"/>
                <line number="80" hits="0"/>
                <line number="81" hits="0"/>
                <line number="82" hits="0"/>
                <line number="83" hits="0"/>
                <line number="84" hits="0"/>
                <line number="85" hits="0"/>
                <line number="86" hits="0"/>
                <line number="87" hits="0"/>
                <line number="88" hits="0"/>
                <line number="89" hits="0"/>
                <line number="90" hits="0"/>
                <line number="91" hits="0"/>
                <line number="92" hits="0"/>
                <line number="93" hits="0"/>
                <line number="94" hits="0"/>
                <line number="95" hits="0"/>
                <line number="96" hits="0"/>
                <line number="97" hits="0"/>
                <line number="98" hits="0"/>
                <line number="99" hits="0"/>
                <line number="100" hits="0"/>
                <line number="101" hits="0"/>
                <line number="102" hits="0"/>
                <line number="104" hits="0"/>
                <line number="105" hits="0"/>
                <line number="106" hits="0"/>
                <line number="107" hits="0"/>
                <line number="108" hits="0"/>
                <line number="109" hits="0"/>
                <line number="110" hits="0"/>
                <line number="111" hits="0"/>
                <line number="112" hits="0"/>
                <line number="113" hits="0"/>
                <line number="114" hits="0"/>
                <line number="115" hits="0"/>
                <line number="116" hits="0"/>
                <line number="117" hits="0"/>
                <line number="118" hits="0"/>
                <line number="120" hits="0"/>
                <line number="122" hits="0"/>
                <line number="123" hits="0"/>
                <line number="124" hits="0"/>
                <line number="125" hits="0"/>
                <line number="126" hits="0"/>
                <line number="127" hits="0"/>
                <line number="128" hits="0"/>
                <line number="129" hits="0"/>
                <line number="130" hits="0"/>
                <line number="131" hits="0"/>
                <line number="132" hits="0"/>
                <line number="133" hits="0"/>
                <line number="134" hits="0"/>
                <line number="135" hits="0"/>
                <line number="136" hits="0"/>
                <line number="137" hits="0"/>
                <line number="138" hits="0"/>
                <line number="139" hits="0"/>
                <line number="140" hits="0"/>
                <line number="141" hits="0"/>
                <line number="142" hits="0"/>
                <line number="143" hits="0"/>
                <line number="144" hits="0"/>
                <line number="145" hits="0"/>
                <line number="146" hits="0"/>
                <line number="147" hits="0"/>
                <line number="148" hits="0"/>
                <line number="149" hits="0"/>
                <line number="150" hits="0"/>
                <line number="151" hits="0"/>
                <line number="152" hits="0"/>
                <line number="153" hits="0"/>
                <line number="154" hits="0"/>
                <line number="155" hits="0"/>
                <line number="156" hits="0"/>
                <line number="157" hits="0"/>
                <line number="159" hits="0"/>
                <line number="161" hits="0"/>
                <line number="162" hits="0"/>
                <line number="163" hits="0"/>
                <line number="164" hits="0"/>
                <line number="165" hits="0"/>
                <line number="166" hits="0"/>
                <line number="167" hits="0"/>
                <line number="168" hits="0"/>
                <line number="169" hits="0"/>
                <line number="170" hits="0"/>
                <line number="171" hits="0"/>
                <line number="172" hits="0"/>
                <line number="179" hits="0"/>
                <line number="180" hits="0"/>
                <line number="181" hits="0"/>
                <line number="182" hits="0"/>
                <line number="183" hits="0"/>
                <line number="184" hits="0"/>
                <line number="185" hits="0"/>
                <line number="186" hits="0"/>
                <line number="187" hits="0"/>
                <line number="188" hits="0"/>
                <line number="189" hits="0"/>
                <line number="191" hits="0"/>
                <line number="192" hits="0"/>
                <line number="193" hits="0"/>
                <line number="194" hits="0"/>
                <line number="195" hits="0"/>
                <line number="196" hits="0"/>
                <line number="197" hits="0"/>
                <line number="198" hits="0"/>
                <line number="199" hits="0"/>
                <line number="200" hits="0"/>
                <line number="201" hits="0"/>
                <line number="202" hits="0"/>
                <line number="203" hits="0"/>
                <line number="204" hits="0"/>
                <line number="205" hits="0"/>
                <line number="206" hits="0"/>
                <line number="207" hits="0"/>
                <line number="208" hits="0"/>
                <line number="209" hits="0"/>
                <line number="210" hits="0"/>
                <line number="212" hits="0"/>
                <line number="213" hits="0"/>
                <line number="214" hits="0"/>
                <line number="215" hits="0"/>
                <line number="216" hits="0"/>
                <line number="217" hits="0"/>
                <line number="218" hits="0"/>
                <line number="219" hits="0"/>
                <line number="220" hits="0"/>
                <line number="221" hits="0"/>
                <line number="222" hits="0"/>
                <line number="223" hits="0"/>
                <line number="224" hits="0"/>
                <line number="225" hits="0"/>
                <line number="226" hits="0"/>
                <line number="227" hits="0"/>
                <line number="228" hits="0"/>
                <line number="229" hits="0"/>
                <line number="230" hits="0"/>
                <line number="231" hits="0"/>
                <line number="232" hits="0"/>
                <line number="233" hits="0"/>
                <line number="234" hits="0"/>
                <line number="235" hits="0"/>
                <line number="236" hits="0"/>
                <line number="237" hits="0"/>
                <line number="238" hits="0"/>
                <line number="239" hits="0"/>
                <line number="240" hits="0"/>
                <line number="241" hits="0"/>
                <line number="242" hits="0"/>
                <line number="243" hits="0"/>
                <line number="244" hits="0"/>
                <line number="245" hits="0"/>
                <line number="246" hits="0"/>
                <line number="247" hits="0"/>
                <line number="248" hits="0"/>
                <line number="249" hits="0"/>
                <line number="250" hits="0"/>
                <line number="251" hits="0"/>
                <line number="252" hits="0"/>
                <line number="253" hits="0"/>
                <line number="254" hits="0"/>
                <line number="255" hits="0"/>
                <line number="256" hits="0"/>
                <line number="258" hits="0"/>
              </lines>
            </method>
          </methods>
          <lines>
            <line number="19" hits="0"/>
            <line number="20" hits="0"/>
            <line number="22" hits="0"/>
            <line number="23" hits="0"/>
            <line number="24" hits="0"/>
            <line number="25" hits="0"/>
            <line number="26" hits="0"/>
            <line number="27" hits="0"/>
            <line number="28" hits="0"/>
            <line number="29" hits="0"/>
            <line number="30" hits="0"/>
            <line number="31" hits="0"/>
            <line number="32" hits="0"/>
            <line number="33" hits="0"/>
            <line number="35" hits="0"/>
            <line number="37" hits="0"/>
            <line number="39" hits="0"/>
            <line number="41" hits="0"/>
            <line number="43" hits="0"/>
            <line number="51" hits="0"/>
            <line number="52" hits="0"/>
            <line number="53" hits="0"/>
            <line number="54" hits="0"/>
            <line number="55" hits="0"/>
            <line number="56" hits="0"/>
            <line number="57" hits="0"/>
            <line number="59" hits="0"/>
            <line number="60" hits="0"/>
            <line number="61" hits="0"/>
            <line number="62" hits="0"/>
            <line number="63" hits="0"/>
            <line number="64" hits="0"/>
            <line number="65" hits="0"/>
            <line number="66" hits="0"/>
            <line number="67" hits="0"/>
            <line number="68" hits="0"/>
            <line number="69" hits="0"/>
            <line number="70" hits="0"/>
            <line number="72" hits="0"/>
            <line number="73" hits="0"/>
            <line number="74" hits="0"/>
            <line number="75" hits="0"/>
            <line number="76" hits="0"/>
            <line number="77" hits="0"/>
            <line number="78" hits="0"/>
            <line number="79" hits="0"/>
            <line number="80" hits="0"/>
            <line number="81" hits="0"/>
            <line number="82" hits="0"/>
            <line number="83" hits="0"/>
            <line number="84" hits="0"/>
            <line number="85" hits="0"/>
            <line number="86" hits="0"/>
            <line number="87" hits="0"/>
            <line number="88" hits="0"/>
            <line number="89" hits="0"/>
            <line number="90" hits="0"/>
            <line number="91" hits="0"/>
            <line number="92" hits="0"/>
            <line number="93" hits="0"/>
            <line number="94" hits="0"/>
            <line number="95" hits="0"/>
            <line number="96" hits="0"/>
            <line number="97" hits="0"/>
            <line number="98" hits="0"/>
            <line number="99" hits="0"/>
            <line number="100" hits="0"/>
            <line number="101" hits="0"/>
            <line number="102" hits="0"/>
            <line number="104" hits="0"/>
            <line number="105" hits="0"/>
            <line number="106" hits="0"/>
            <line number="107" hits="0"/>
            <line number="108" hits="0"/>
            <line number="109" hits="0"/>
            <line number="110" hits="0"/>
            <line number="111" hits="0"/>
            <line number="112" hits="0"/>
            <line number="113" hits="0"/>
            <line number="114" hits="0"/>
            <line number="115" hits="0"/>
            <line number="116" hits="0"/>
            <line number="117" hits="0"/>
            <line number="118" hits="0"/>
            <line number="120" hits="0"/>
            <line number="122" hits="0"/>
            <line number="123" hits="0"/>
            <line number="124" hits="0"/>
            <line number="125" hits="0"/>
            <line number="126" hits="0"/>
            <line number="127" hits="0"/>
            <line number="128" hits="0"/>
            <line number="129" hits="0"/>
            <line number="130" hits="0"/>
            <line number="131" hits="0"/>
            <line number="132" hits="0"/>
            <line number="133" hits="0"/>
            <line number="134" hits="0"/>
            <line number="135" hits="0"/>
            <line number="136" hits="0"/>
            <line number="137" hits="0"/>
            <line number="138" hits="0"/>
            <line number="139" hits="0"/>
            <line number="140" hits="0"/>
            <line number="141" hits="0"/>
            <line number="142" hits="0"/>
            <line number="143" hits="0"/>
            <line number="144" hits="0"/>
            <line number="145" hits="0"/>
            <line number="146" hits="0"/>
            <line number="147" hits="0"/>
            <line number="148" hits="0"/>
            <line number="149" hits="0"/>
            <line number="150" hits="0"/>
            <line number="151" hits="0"/>
            <line number="152" hits="0"/>
            <line number="153" hits="0"/>
            <line number="154" hits="0"/>
            <line number="155" hits="0"/>
            <line number="156" hits="0"/>
            <line number="157" hits="0"/>
            <line number="159" hits="0"/>
            <line number="161" hits="0"/>
            <line number="162" hits="0"/>
            <line number="163" hits="0"/>
            <line number="164" hits="0"/>
            <line number="165" hits="0"/>
            <line number="166" hits="0"/>
            <line number="167" hits="0"/>
            <line number="168" hits="0"/>
            <line number="169" hits="0"/>
            <line number="170" hits="0"/>
            <line number="171" hits="0"/>
            <line number="172" hits="0"/>
            <line number="179" hits="0"/>
            <line number="180" hits="0"/>
            <line number="181" hits="0"/>
            <line number="182" hits="0"/>
            <line number="183" hits="0"/>
            <line number="184" hits="0"/>
            <line number="185" hits="0"/>
            <line number="186" hits="0"/>
            <line number="187" hits="0"/>
            <line number="188" hits="0"/>
            <line number="189" hits="0"/>
            <line number="191" hits="0"/>
            <line number="192" hits="0"/>
            <line number="193" hits="0"/>
            <line number="194" hits="0"/>
            <line number="195" hits="0"/>
            <line number="196" hits="0"/>
            <line number="197" hits="0"/>
            <line number="198" hits="0"/>
            <line number="199" hits="0"/>
            <line number="200" hits="0"/>
            <line number="201" hits="0"/>
            <line number="202" hits="0"/>
            <line number="203" hits="0"/>
            <line number="204" hits="0"/>
            <line number="205" hits="0"/>
            <line number="206" hits="0"/>
            <line number="207" hits="0"/>
            <line number="208" hits="0"/>
            <line number="209" hits="0"/>
            <line number="210" hits="0"/>
            <line number="212" hits="0"/>
            <line number="213" hits="0"/>
            <line number="214" hits="0"/>
            <line number="215" hits="0"/>
            <line number="216" hits="0"/>
            <line number="217" hits="0"/>
            <line number="218" hits="0"/>
            <line number="219" hits="0"/>
            <line number="220" hits="0"/>
            <line number="221" hits="0"/>
            <line number="222" hits="0"/>
            <line number="223" hits="0"/>
            <line number="224" hits="0"/>
            <line number="225" hits="0"/>
            <line number="226" hits="0"/>
            <line number="227" hits="0"/>
            <line number="228" hits="0"/>
            <line number="229" hits="0"/>
            <line number="230" hits="0"/>
            <line number="231" hits="0"/>
            <line number="232" hits="0"/>
            <line number="233" hits="0"/>
            <line number="234" hits="0"/>
            <line number="235" hits="0"/>
            <line number="236" hits="0"/>
            <line number="237" hits="0"/>
            <line number="238" hits="0"/>
            <line number="239" hits="0"/>
            <line number="240" hits="0"/>
            <line number="241" hits="0"/>
            <line number="242" hits="0"/>
            <line number="243" hits="0"/>
            <line number="244" hits="0"/>
            <line number="245" hits="0"/>
            <line number="246" hits="0"/>
            <line number="247" hits="0"/>
            <line number="248" hits="0"/>
            <line number="249" hits="0"/>
            <line number="250" hits="0"/>
            <line number="251" hits="0"/>
            <line number="252" hits="0"/>
            <line number="253" hits="0"/>
            <line number="254" hits="0"/>
            <line number="255" hits="0"/>
            <line number="256" hits="0"/>
            <line number="258" hits="0"/>
          </lines>
        </class>
      </classes>
    </package>
    <package name="Building/BuildControllerIndex.php" line-rate="0" branch-rate="0" complexity="4">
      <classes>
        <class name="Playground\Make\Swagger\Building\BuildControllerIndex" filename="Building/BuildControllerIndex.php" line-rate="0" branch-rate="0" complexity="4">
          <methods>
            <method name="doc_controller_index" signature="string $name" line-rate="0" branch-rate="0" complexity="1">
              <lines>
                <line number="21" hits="0"/>
                <line number="22" hits="0"/>
                <line number="24" hits="0"/>
                <line number="25" hits="0"/>
                <line number="26" hits="0"/>
                <line number="27" hits="0"/>
                <line number="28" hits="0"/>
                <line number="29" hits="0"/>
                <line number="30" hits="0"/>
                <line number="31" hits="0"/>
                <line number="32" hits="0"/>
                <line number="33" hits="0"/>
                <line number="34" hits="0"/>
                <line number="35" hits="0"/>
                <line number="37" hits="0"/>
                <line number="39" hits="0"/>
                <line number="41" hits="0"/>
                <line number="43" hits="0"/>
                <line number="45" hits="0"/>
              </lines>
            </method>
            <method name="doc_controller_index_config" signature="string $name, Playground\Make\Swagger\Configuration\Swagger\Controller\PathIndex $pathIndex" line-rate="0" branch-rate="0" complexity="1">
              <lines>
                <line number="53" hits="0"/>
                <line number="54" hits="0"/>
                <line number="55" hits="0"/>
                <line number="56" hits="0"/>
                <line number="57" hits="0"/>
                <line number="58" hits="0"/>
                <line number="59" hits="0"/>
                <line number="61" hits="0"/>
                <line number="62" hits="0"/>
                <line number="63" hits="0"/>
                <line number="64" hits="0"/>
                <line number="65" hits="0"/>
                <line number="66" hits="0"/>
                <line number="67" hits="0"/>
                <line number="68" hits="0"/>
                <line number="69" hits="0"/>
                <line number="70" hits="0"/>
                <line number="71" hits="0"/>
                <line number="72" hits="0"/>
                <line number="73" hits="0"/>
                <line number="74" hits="0"/>
                <line number="75" hits="0"/>
                <line number="76" hits="0"/>
                <line number="77" hits="0"/>
                <line number="78" hits="0"/>
                <line number="79" hits="0"/>
                <line number="80" hits="0"/>
                <line number="81" hits="0"/>
                <line number="82" hits="0"/>
                <line number="83" hits="0"/>
                <line number="84" hits="0"/>
                <line number="85" hits="0"/>
                <line number="86" hits="0"/>
                <line number="87" hits="0"/>
                <line number="88" hits="0"/>
                <line number="89" hits="0"/>
                <line number="90" hits="0"/>
                <line number="91" hits="0"/>
                <line number="92" hits="0"/>
                <line number="93" hits="0"/>
                <line number="94" hits="0"/>
                <line number="95" hits="0"/>
                <line number="97" hits="0"/>
                <line number="98" hits="0"/>
                <line number="99" hits="0"/>
                <line number="100" hits="0"/>
                <line number="101" hits="0"/>
                <line number="102" hits="0"/>
                <line number="103" hits="0"/>
                <line number="104" hits="0"/>
                <line number="105" hits="0"/>
                <line number="106" hits="0"/>
                <line number="107" hits="0"/>
                <line number="108" hits="0"/>
                <line number="109" hits="0"/>
                <line number="110" hits="0"/>
                <line number="111" hits="0"/>
                <line number="113" hits="0"/>
                <line number="115" hits="0"/>
                <line number="116" hits="0"/>
                <line number="117" hits="0"/>
                <line number="118" hits="0"/>
                <line number="119" hits="0"/>
                <line number="120" hits="0"/>
                <line number="121" hits="0"/>
                <line number="122" hits="0"/>
                <line number="123" hits="0"/>
                <line number="124" hits="0"/>
                <line number="125" hits="0"/>
                <line number="126" hits="0"/>
                <line number="128" hits="0"/>
                <line number="129" hits="0"/>
                <line number="130" hits="0"/>
                <line number="131" hits="0"/>
                <line number="132" hits="0"/>
                <line number="133" hits="0"/>
                <line number="134" hits="0"/>
                <line number="135" hits="0"/>
                <line number="136" hits="0"/>
                <line number="137" hits="0"/>
                <line number="138" hits="0"/>
                <line number="140" hits="0"/>
                <line number="141" hits="0"/>
                <line number="142" hits="0"/>
                <line number="143" hits="0"/>
                <line number="144" hits="0"/>
                <line number="145" hits="0"/>
                <line number="146" hits="0"/>
                <line number="147" hits="0"/>
                <line number="148" hits="0"/>
                <line number="149" hits="0"/>
                <line number="150" hits="0"/>
                <line number="151" hits="0"/>
                <line number="152" hits="0"/>
                <line number="153" hits="0"/>
                <line number="154" hits="0"/>
                <line number="155" hits="0"/>
                <line number="156" hits="0"/>
                <line number="157" hits="0"/>
                <line number="158" hits="0"/>
                <line number="159" hits="0"/>
                <line number="161" hits="0"/>
                <line number="162" hits="0"/>
                <line number="163" hits="0"/>
                <line number="164" hits="0"/>
                <line number="165" hits="0"/>
                <line number="166" hits="0"/>
                <line number="167" hits="0"/>
                <line number="168" hits="0"/>
                <line number="169" hits="0"/>
                <line number="170" hits="0"/>
                <line number="171" hits="0"/>
                <line number="172" hits="0"/>
                <line number="173" hits="0"/>
                <line number="174" hits="0"/>
                <line number="175" hits="0"/>
                <line number="176" hits="0"/>
                <line number="177" hits="0"/>
                <line number="178" hits="0"/>
                <line number="179" hits="0"/>
                <line number="180" hits="0"/>
                <line number="181" hits="0"/>
                <line number="182" hits="0"/>
                <line number="183" hits="0"/>
                <line number="184" hits="0"/>
                <line number="185" hits="0"/>
                <line number="186" hits="0"/>
                <line number="187" hits="0"/>
                <line number="188" hits="0"/>
                <line number="189" hits="0"/>
                <line number="190" hits="0"/>
                <line number="191" hits="0"/>
                <line number="192" hits="0"/>
                <line number="193" hits="0"/>
                <line number="194" hits="0"/>
                <line number="195" hits="0"/>
                <line number="196" hits="0"/>
                <line number="197" hits="0"/>
                <line number="198" hits="0"/>
                <line number="199" hits="0"/>
                <line number="200" hits="0"/>
                <line number="201" hits="0"/>
                <line number="202" hits="0"/>
                <line number="203" hits="0"/>
                <line number="204" hits="0"/>
                <line number="205" hits="0"/>
                <line number="206" hits="0"/>
                <line number="208" hits="0"/>
              </lines>
            </method>
            <method name="doc_controller_index_form" signature="string $name" line-rate="0" branch-rate="0" complexity="1">
              <lines>
                <line number="213" hits="0"/>
                <line number="214" hits="0"/>
                <line number="216" hits="0"/>
                <line number="217" hits="0"/>
                <line number="218" hits="0"/>
                <line number="219" hits="0"/>
                <line number="220" hits="0"/>
                <line number="221" hits="0"/>
                <line number="222" hits="0"/>
                <line number="223" hits="0"/>
                <line number="224" hits="0"/>
                <line number="225" hits="0"/>
                <line number="226" hits="0"/>
                <line number="227" hits="0"/>
                <line number="229" hits="0"/>
                <line number="231" hits="0"/>
                <line number="233" hits="0"/>
                <line number="235" hits="0"/>
                <line number="237" hits="0"/>
              </lines>
            </method>
            <method name="doc_controller_index_form_config" signature="string $name, Playground\Make\Swagger\Configuration\Swagger\Controller\PathIndexForm $pathIndexForm" line-rate="0" branch-rate="0" complexity="1">
              <lines>
                <line number="245" hits="0"/>
                <line number="246" hits="0"/>
                <line number="247" hits="0"/>
                <line number="248" hits="0"/>
                <line number="249" hits="0"/>
                <line number="250" hits="0"/>
                <line number="252" hits="0"/>
                <line number="253" hits="0"/>
                <line number="254" hits="0"/>
                <line number="255" hits="0"/>
                <line number="256" hits="0"/>
                <line number="257" hits="0"/>
                <line number="258" hits="0"/>
                <line number="259" hits="0"/>
                <line number="260" hits="0"/>
                <line number="261" hits="0"/>
                <line number="262" hits="0"/>
                <line number="263" hits="0"/>
                <line number="264" hits="0"/>
                <line number="265" hits="0"/>
                <line number="266" hits="0"/>
                <line number="267" hits="0"/>
                <line number="268" hits="0"/>
                <line number="269" hits="0"/>
                <line number="270" hits="0"/>
                <line number="271" hits="0"/>
                <line number="272" hits="0"/>
                <line number="273" hits="0"/>
                <line number="274" hits="0"/>
                <line number="275" hits="0"/>
                <line number="276" hits="0"/>
                <line number="277" hits="0"/>
                <line number="278" hits="0"/>
                <line number="279" hits="0"/>
                <line number="280" hits="0"/>
                <line number="281" hits="0"/>
                <line number="282" hits="0"/>
                <line number="283" hits="0"/>
                <line number="284" hits="0"/>
                <line number="285" hits="0"/>
                <line number="286" hits="0"/>
                <line number="287" hits="0"/>
                <line number="288" hits="0"/>
                <line number="289" hits="0"/>
                <line number="290" hits="0"/>
                <line number="291" hits="0"/>
                <line number="292" hits="0"/>
                <line number="293" hits="0"/>
                <line number="294" hits="0"/>
                <line number="295" hits="0"/>
                <line number="296" hits="0"/>
                <line number="297" hits="0"/>
                <line number="299" hits="0"/>
                <line number="300" hits="0"/>
                <line number="301" hits="0"/>
                <line number="302" hits="0"/>
                <line number="303" hits="0"/>
                <line number="304" hits="0"/>
                <line number="305" hits="0"/>
                <line number="306" hits="0"/>
                <line number="307" hits="0"/>
                <line number="308" hits="0"/>
                <line number="309" hits="0"/>
                <line number="310" hits="0"/>
                <line number="311" hits="0"/>
                <line number="312" hits="0"/>
                <line number="313" hits="0"/>
                <line number="315" hits="0"/>
              </lines>
            </method>
          </methods>
          <lines>
            <line number="21" hits="0"/>
            <line number="22" hits="0"/>
            <line number="24" hits="0"/>
            <line number="25" hits="0"/>
            <line number="26" hits="0"/>
            <line number="27" hits="0"/>
            <line number="28" hits="0"/>
            <line number="29" hits="0"/>
            <line number="30" hits="0"/>
            <line number="31" hits="0"/>
            <line number="32" hits="0"/>
            <line number="33" hits="0"/>
            <line number="34" hits="0"/>
            <line number="35" hits="0"/>
            <line number="37" hits="0"/>
            <line number="39" hits="0"/>
            <line number="41" hits="0"/>
            <line number="43" hits="0"/>
            <line number="45" hits="0"/>
            <line number="53" hits="0"/>
            <line number="54" hits="0"/>
            <line number="55" hits="0"/>
            <line number="56" hits="0"/>
            <line number="57" hits="0"/>
            <line number="58" hits="0"/>
            <line number="59" hits="0"/>
            <line number="61" hits="0"/>
            <line number="62" hits="0"/>
            <line number="63" hits="0"/>
            <line number="64" hits="0"/>
            <line number="65" hits="0"/>
            <line number="66" hits="0"/>
            <line number="67" hits="0"/>
            <line number="68" hits="0"/>
            <line number="69" hits="0"/>
            <line number="70" hits="0"/>
            <line number="71" hits="0"/>
            <line number="72" hits="0"/>
            <line number="73" hits="0"/>
            <line number="74" hits="0"/>
            <line number="75" hits="0"/>
            <line number="76" hits="0"/>
            <line number="77" hits="0"/>
            <line number="78" hits="0"/>
            <line number="79" hits="0"/>
            <line number="80" hits="0"/>
            <line number="81" hits="0"/>
            <line number="82" hits="0"/>
            <line number="83" hits="0"/>
            <line number="84" hits="0"/>
            <line number="85" hits="0"/>
            <line number="86" hits="0"/>
            <line number="87" hits="0"/>
            <line number="88" hits="0"/>
            <line number="89" hits="0"/>
            <line number="90" hits="0"/>
            <line number="91" hits="0"/>
            <line number="92" hits="0"/>
            <line number="93" hits="0"/>
            <line number="94" hits="0"/>
            <line number="95" hits="0"/>
            <line number="97" hits="0"/>
            <line number="98" hits="0"/>
            <line number="99" hits="0"/>
            <line number="100" hits="0"/>
            <line number="101" hits="0"/>
            <line number="102" hits="0"/>
            <line number="103" hits="0"/>
            <line number="104" hits="0"/>
            <line number="105" hits="0"/>
            <line number="106" hits="0"/>
            <line number="107" hits="0"/>
            <line number="108" hits="0"/>
            <line number="109" hits="0"/>
            <line number="110" hits="0"/>
            <line number="111" hits="0"/>
            <line number="113" hits="0"/>
            <line number="115" hits="0"/>
            <line number="116" hits="0"/>
            <line number="117" hits="0"/>
            <line number="118" hits="0"/>
            <line number="119" hits="0"/>
            <line number="120" hits="0"/>
            <line number="121" hits="0"/>
            <line number="122" hits="0"/>
            <line number="123" hits="0"/>
            <line number="124" hits="0"/>
            <line number="125" hits="0"/>
            <line number="126" hits="0"/>
            <line number="128" hits="0"/>
            <line number="129" hits="0"/>
            <line number="130" hits="0"/>
            <line number="131" hits="0"/>
            <line number="132" hits="0"/>
            <line number="133" hits="0"/>
            <line number="134" hits="0"/>
            <line number="135" hits="0"/>
            <line number="136" hits="0"/>
            <line number="137" hits="0"/>
            <line number="138" hits="0"/>
            <line number="140" hits="0"/>
            <line number="141" hits="0"/>
            <line number="142" hits="0"/>
            <line number="143" hits="0"/>
            <line number="144" hits="0"/>
            <line number="145" hits="0"/>
            <line number="146" hits="0"/>
            <line number="147" hits="0"/>
            <line number="148" hits="0"/>
            <line number="149" hits="0"/>
            <line number="150" hits="0"/>
            <line number="151" hits="0"/>
            <line number="152" hits="0"/>
            <line number="153" hits="0"/>
            <line number="154" hits="0"/>
            <line number="155" hits="0"/>
            <line number="156" hits="0"/>
            <line number="157" hits="0"/>
            <line number="158" hits="0"/>
            <line number="159" hits="0"/>
            <line number="161" hits="0"/>
            <line number="162" hits="0"/>
            <line number="163" hits="0"/>
            <line number="164" hits="0"/>
            <line number="165" hits="0"/>
            <line number="166" hits="0"/>
            <line number="167" hits="0"/>
            <line number="168" hits="0"/>
            <line number="169" hits="0"/>
            <line number="170" hits="0"/>
            <line number="171" hits="0"/>
            <line number="172" hits="0"/>
            <line number="173" hits="0"/>
            <line number="174" hits="0"/>
            <line number="175" hits="0"/>
            <line number="176" hits="0"/>
            <line number="177" hits="0"/>
            <line number="178" hits="0"/>
            <line number="179" hits="0"/>
            <line number="180" hits="0"/>
            <line number="181" hits="0"/>
            <line number="182" hits="0"/>
            <line number="183" hits="0"/>
            <line number="184" hits="0"/>
            <line number="185" hits="0"/>
            <line number="186" hits="0"/>
            <line number="187" hits="0"/>
            <line number="188" hits="0"/>
            <line number="189" hits="0"/>
            <line number="190" hits="0"/>
            <line number="191" hits="0"/>
            <line number="192" hits="0"/>
            <line number="193" hits="0"/>
            <line number="194" hits="0"/>
            <line number="195" hits="0"/>
            <line number="196" hits="0"/>
            <line number="197" hits="0"/>
            <line number="198" hits="0"/>
            <line number="199" hits="0"/>
            <line number="200" hits="0"/>
            <line number="201" hits="0"/>
            <line number="202" hits="0"/>
            <line number="203" hits="0"/>
            <line number="204" hits="0"/>
            <line number="205" hits="0"/>
            <line number="206" hits="0"/>
            <line number="208" hits="0"/>
            <line number="213" hits="0"/>
            <line number="214" hits="0"/>
            <line number="216" hits="0"/>
            <line number="217" hits="0"/>
            <line number="218" hits="0"/>
            <line number="219" hits="0"/>
            <line number="220" hits="0"/>
            <line number="221" hits="0"/>
            <line number="222" hits="0"/>
            <line number="223" hits="0"/>
            <line number="224" hits="0"/>
            <line number="225" hits="0"/>
            <line number="226" hits="0"/>
            <line number="227" hits="0"/>
            <line number="229" hits="0"/>
            <line number="231" hits="0"/>
            <line number="233" hits="0"/>
            <line number="235" hits="0"/>
            <line number="237" hits="0"/>
            <line number="245" hits="0"/>
            <line number="246" hits="0"/>
            <line number="247" hits="0"/>
            <line number="248" hits="0"/>
            <line number="249" hits="0"/>
            <line number="250" hits="0"/>
            <line number="252" hits="0"/>
            <line number="253" hits="0"/>
            <line number="254" hits="0"/>
            <line number="255" hits="0"/>
            <line number="256" hits="0"/>
            <line number="257" hits="0"/>
            <line number="258" hits="0"/>
            <line number="259" hits="0"/>
            <line number="260" hits="0"/>
            <line number="261" hits="0"/>
            <line number="262" hits="0"/>
            <line number="263" hits="0"/>
            <line number="264" hits="0"/>
            <line number="265" hits="0"/>
            <line number="266" hits="0"/>
            <line number="267" hits="0"/>
            <line number="268" hits="0"/>
            <line number="269" hits="0"/>
            <line number="270" hits="0"/>
            <line number="271" hits="0"/>
            <line number="272" hits="0"/>
            <line number="273" hits="0"/>
            <line number="274" hits="0"/>
            <line number="275" hits="0"/>
            <line number="276" hits="0"/>
            <line number="277" hits="0"/>
            <line number="278" hits="0"/>
            <line number="279" hits="0"/>
            <line number="280" hits="0"/>
            <line number="281" hits="0"/>
            <line number="282" hits="0"/>
            <line number="283" hits="0"/>
            <line number="284" hits="0"/>
            <line number="285" hits="0"/>
            <line number="286" hits="0"/>
            <line number="287" hits="0"/>
            <line number="288" hits="0"/>
            <line number="289" hits="0"/>
            <line number="290" hits="0"/>
            <line number="291" hits="0"/>
            <line number="292" hits="0"/>
            <line number="293" hits="0"/>
            <line number="294" hits="0"/>
            <line number="295" hits="0"/>
            <line number="296" hits="0"/>
            <line number="297" hits="0"/>
            <line number="299" hits="0"/>
            <line number="300" hits="0"/>
            <line number="301" hits="0"/>
            <line number="302" hits="0"/>
            <line number="303" hits="0"/>
            <line number="304" hits="0"/>
            <line number="305" hits="0"/>
            <line number="306" hits="0"/>
            <line number="307" hits="0"/>
            <line number="308" hits="0"/>
            <line number="309" hits="0"/>
            <line number="310" hits="0"/>
            <line number="311" hits="0"/>
            <line number="312" hits="0"/>
            <line number="313" hits="0"/>
            <line number="315" hits="0"/>
          </lines>
        </class>
      </classes>
    </package>
    <package name="Building/BuildControllerLock.php" line-rate="0" branch-rate="0" complexity="2">
      <classes>
        <class name="Playground\Make\Swagger\Building\BuildControllerLock" filename="Building/BuildControllerLock.php" line-rate="0" branch-rate="0" complexity="2">
          <methods>
            <method name="doc_controller_lock" signature="string $name" line-rate="0" branch-rate="0" complexity="1">
              <lines>
                <line number="19" hits="0"/>
                <line number="20" hits="0"/>
                <line number="22" hits="0"/>
                <line number="23" hits="0"/>
                <line number="24" hits="0"/>
                <line number="25" hits="0"/>
                <line number="26" hits="0"/>
                <line number="27" hits="0"/>
                <line number="28" hits="0"/>
                <line number="29" hits="0"/>
                <line number="30" hits="0"/>
                <line number="31" hits="0"/>
                <line number="32" hits="0"/>
                <line number="33" hits="0"/>
                <line number="35" hits="0"/>
                <line number="37" hits="0"/>
                <line number="39" hits="0"/>
                <line number="41" hits="0"/>
              </lines>
            </method>
            <method name="doc_controller_lock_config" signature="string $name, Playground\Make\Swagger\Configuration\Swagger\Controller\PathLock $pathLock" line-rate="0" branch-rate="0" complexity="1">
              <lines>
                <line number="49" hits="0"/>
                <line number="50" hits="0"/>
                <line number="51" hits="0"/>
                <line number="52" hits="0"/>
                <line number="53" hits="0"/>
                <line number="54" hits="0"/>
                <line number="56" hits="0"/>
                <line number="57" hits="0"/>
                <line number="58" hits="0"/>
                <line number="59" hits="0"/>
                <line number="60" hits="0"/>
                <line number="61" hits="0"/>
                <line number="62" hits="0"/>
                <line number="63" hits="0"/>
                <line number="64" hits="0"/>
                <line number="65" hits="0"/>
                <line number="67" hits="0"/>
                <line number="68" hits="0"/>
                <line number="69" hits="0"/>
                <line number="70" hits="0"/>
                <line number="71" hits="0"/>
                <line number="72" hits="0"/>
                <line number="73" hits="0"/>
                <line number="74" hits="0"/>
                <line number="75" hits="0"/>
                <line number="76" hits="0"/>
                <line number="77" hits="0"/>
                <line number="78" hits="0"/>
                <line number="79" hits="0"/>
                <line number="80" hits="0"/>
                <line number="81" hits="0"/>
                <line number="82" hits="0"/>
                <line number="83" hits="0"/>
                <line number="84" hits="0"/>
                <line number="85" hits="0"/>
                <line number="86" hits="0"/>
                <line number="87" hits="0"/>
                <line number="88" hits="0"/>
                <line number="89" hits="0"/>
                <line number="90" hits="0"/>
                <line number="91" hits="0"/>
                <line number="92" hits="0"/>
                <line number="93" hits="0"/>
                <line number="94" hits="0"/>
                <line number="95" hits="0"/>
                <line number="96" hits="0"/>
                <line number="98" hits="0"/>
                <line number="100" hits="0"/>
                <line number="101" hits="0"/>
                <line number="102" hits="0"/>
                <line number="103" hits="0"/>
                <line number="104" hits="0"/>
                <line number="105" hits="0"/>
                <line number="106" hits="0"/>
                <line number="107" hits="0"/>
                <line number="108" hits="0"/>
                <line number="109" hits="0"/>
                <line number="110" hits="0"/>
                <line number="111" hits="0"/>
                <line number="112" hits="0"/>
                <line number="113" hits="0"/>
                <line number="114" hits="0"/>
                <line number="115" hits="0"/>
                <line number="116" hits="0"/>
                <line number="117" hits="0"/>
                <line number="118" hits="0"/>
                <line number="119" hits="0"/>
                <line number="120" hits="0"/>
                <line number="121" hits="0"/>
                <line number="122" hits="0"/>
                <line number="123" hits="0"/>
                <line number="124" hits="0"/>
                <line number="125" hits="0"/>
                <line number="126" hits="0"/>
                <line number="127" hits="0"/>
                <line number="128" hits="0"/>
                <line number="129" hits="0"/>
                <line number="130" hits="0"/>
                <line number="131" hits="0"/>
                <line number="133" hits="0"/>
                <line number="134" hits="0"/>
                <line number="135" hits="0"/>
                <line number="136" hits="0"/>
                <line number="137" hits="0"/>
                <line number="138" hits="0"/>
                <line number="139" hits="0"/>
                <line number="140" hits="0"/>
                <line number="141" hits="0"/>
                <line number="142" hits="0"/>
                <line number="143" hits="0"/>
                <line number="144" hits="0"/>
                <line number="145" hits="0"/>
                <line number="146" hits="0"/>
                <line number="147" hits="0"/>
                <line number="149" hits="0"/>
              </lines>
            </method>
          </methods>
          <lines>
            <line number="19" hits="0"/>
            <line number="20" hits="0"/>
            <line number="22" hits="0"/>
            <line number="23" hits="0"/>
            <line number="24" hits="0"/>
            <line number="25" hits="0"/>
            <line number="26" hits="0"/>
            <line number="27" hits="0"/>
            <line number="28" hits="0"/>
            <line number="29" hits="0"/>
            <line number="30" hits="0"/>
            <line number="31" hits="0"/>
            <line number="32" hits="0"/>
            <line number="33" hits="0"/>
            <line number="35" hits="0"/>
            <line number="37" hits="0"/>
            <line number="39" hits="0"/>
            <line number="41" hits="0"/>
            <line number="49" hits="0"/>
            <line number="50" hits="0"/>
            <line number="51" hits="0"/>
            <line number="52" hits="0"/>
            <line number="53" hits="0"/>
            <line number="54" hits="0"/>
            <line number="56" hits="0"/>
            <line number="57" hits="0"/>
            <line number="58" hits="0"/>
            <line number="59" hits="0"/>
            <line number="60" hits="0"/>
            <line number="61" hits="0"/>
            <line number="62" hits="0"/>
            <line number="63" hits="0"/>
            <line number="64" hits="0"/>
            <line number="65" hits="0"/>
            <line number="67" hits="0"/>
            <line number="68" hits="0"/>
            <line number="69" hits="0"/>
            <line number="70" hits="0"/>
            <line number="71" hits="0"/>
            <line number="72" hits="0"/>
            <line number="73" hits="0"/>
            <line number="74" hits="0"/>
            <line number="75" hits="0"/>
            <line number="76" hits="0"/>
            <line number="77" hits="0"/>
            <line number="78" hits="0"/>
            <line number="79" hits="0"/>
            <line number="80" hits="0"/>
            <line number="81" hits="0"/>
            <line number="82" hits="0"/>
            <line number="83" hits="0"/>
            <line number="84" hits="0"/>
            <line number="85" hits="0"/>
            <line number="86" hits="0"/>
            <line number="87" hits="0"/>
            <line number="88" hits="0"/>
            <line number="89" hits="0"/>
            <line number="90" hits="0"/>
            <line number="91" hits="0"/>
            <line number="92" hits="0"/>
            <line number="93" hits="0"/>
            <line number="94" hits="0"/>
            <line number="95" hits="0"/>
            <line number="96" hits="0"/>
            <line number="98" hits="0"/>
            <line number="100" hits="0"/>
            <line number="101" hits="0"/>
            <line number="102" hits="0"/>
            <line number="103" hits="0"/>
            <line number="104" hits="0"/>
            <line number="105" hits="0"/>
            <line number="106" hits="0"/>
            <line number="107" hits="0"/>
            <line number="108" hits="0"/>
            <line number="109" hits="0"/>
            <line number="110" hits="0"/>
            <line number="111" hits="0"/>
            <line number="112" hits="0"/>
            <line number="113" hits="0"/>
            <line number="114" hits="0"/>
            <line number="115" hits="0"/>
            <line number="116" hits="0"/>
            <line number="117" hits="0"/>
            <line number="118" hits="0"/>
            <line number="119" hits="0"/>
            <line number="120" hits="0"/>
            <line number="121" hits="0"/>
            <line number="122" hits="0"/>
            <line number="123" hits="0"/>
            <line number="124" hits="0"/>
            <line number="125" hits="0"/>
            <line number="126" hits="0"/>
            <line number="127" hits="0"/>
            <line number="128" hits="0"/>
            <line number="129" hits="0"/>
            <line number="130" hits="0"/>
            <line number="131" hits="0"/>
            <line number="133" hits="0"/>
            <line number="134" hits="0"/>
            <line number="135" hits="0"/>
            <line number="136" hits="0"/>
            <line number="137" hits="0"/>
            <line number="138" hits="0"/>
            <line number="139" hits="0"/>
            <line number="140" hits="0"/>
            <line number="141" hits="0"/>
            <line number="142" hits="0"/>
            <line number="143" hits="0"/>
            <line number="144" hits="0"/>
            <line number="145" hits="0"/>
            <line number="146" hits="0"/>
            <line number="147" hits="0"/>
            <line number="149" hits="0"/>
          </lines>
        </class>
      </classes>
    </package>
    <package name="Building/BuildControllerRestore.php" line-rate="0" branch-rate="0" complexity="2">
      <classes>
        <class name="Playground\Make\Swagger\Building\BuildControllerRestore" filename="Building/BuildControllerRestore.php" line-rate="0" branch-rate="0" complexity="2">
          <methods>
            <method name="doc_controller_restore" signature="string $name" line-rate="0" branch-rate="0" complexity="1">
              <lines>
                <line number="19" hits="0"/>
                <line number="20" hits="0"/>
                <line number="22" hits="0"/>
                <line number="23" hits="0"/>
                <line number="24" hits="0"/>
                <line number="25" hits="0"/>
                <line number="26" hits="0"/>
                <line number="27" hits="0"/>
                <line number="28" hits="0"/>
                <line number="29" hits="0"/>
                <line number="30" hits="0"/>
                <line number="31" hits="0"/>
                <line number="32" hits="0"/>
                <line number="33" hits="0"/>
                <line number="35" hits="0"/>
                <line number="37" hits="0"/>
                <line number="39" hits="0"/>
                <line number="41" hits="0"/>
              </lines>
            </method>
            <method name="doc_controller_restore_config" signature="string $name, Playground\Make\Swagger\Configuration\Swagger\Controller\PathRestore $pathRestore" line-rate="0" branch-rate="0" complexity="1">
              <lines>
                <line number="49" hits="0"/>
                <line number="50" hits="0"/>
                <line number="51" hits="0"/>
                <line number="52" hits="0"/>
                <line number="53" hits="0"/>
                <line number="54" hits="0"/>
                <line number="56" hits="0"/>
                <line number="57" hits="0"/>
                <line number="58" hits="0"/>
                <line number="59" hits="0"/>
                <line number="60" hits="0"/>
                <line number="61" hits="0"/>
                <line number="62" hits="0"/>
                <line number="63" hits="0"/>
                <line number="64" hits="0"/>
                <line number="65" hits="0"/>
                <line number="67" hits="0"/>
                <line number="68" hits="0"/>
                <line number="69" hits="0"/>
                <line number="70" hits="0"/>
                <line number="71" hits="0"/>
                <line number="72" hits="0"/>
                <line number="73" hits="0"/>
                <line number="74" hits="0"/>
                <line number="75" hits="0"/>
                <line number="76" hits="0"/>
                <line number="77" hits="0"/>
                <line number="78" hits="0"/>
                <line number="79" hits="0"/>
                <line number="80" hits="0"/>
                <line number="81" hits="0"/>
                <line number="82" hits="0"/>
                <line number="83" hits="0"/>
                <line number="84" hits="0"/>
                <line number="85" hits="0"/>
                <line number="86" hits="0"/>
                <line number="87" hits="0"/>
                <line number="88" hits="0"/>
                <line number="89" hits="0"/>
                <line number="90" hits="0"/>
                <line number="91" hits="0"/>
                <line number="92" hits="0"/>
                <line number="93" hits="0"/>
                <line number="94" hits="0"/>
                <line number="95" hits="0"/>
                <line number="96" hits="0"/>
                <line number="97" hits="0"/>
                <line number="98" hits="0"/>
                <line number="100" hits="0"/>
                <line number="101" hits="0"/>
                <line number="102" hits="0"/>
                <line number="103" hits="0"/>
                <line number="104" hits="0"/>
                <line number="105" hits="0"/>
                <line number="106" hits="0"/>
                <line number="107" hits="0"/>
                <line number="108" hits="0"/>
                <line number="109" hits="0"/>
                <line number="110" hits="0"/>
                <line number="111" hits="0"/>
                <line number="112" hits="0"/>
                <line number="113" hits="0"/>
                <line number="114" hits="0"/>
                <line number="116" hits="0"/>
              </lines>
            </method>
          </methods>
          <lines>
            <line number="19" hits="0"/>
            <line number="20" hits="0"/>
            <line number="22" hits="0"/>
            <line number="23" hits="0"/>
            <line number="24" hits="0"/>
            <line number="25" hits="0"/>
            <line number="26" hits="0"/>
            <line number="27" hits="0"/>
            <line number="28" hits="0"/>
            <line number="29" hits="0"/>
            <line number="30" hits="0"/>
            <line number="31" hits="0"/>
            <line number="32" hits="0"/>
            <line number="33" hits="0"/>
            <line number="35" hits="0"/>
            <line number="37" hits="0"/>
[...]
        <class name="Playground\Make\Swagger\Configuration\Swagger\Schema" filename="Configuration/Swagger/Schema.php" line-rate="0" branch-rate="0" complexity="7">
          <methods>
            <method name="setOptions" signature="array $options" line-rate="0" branch-rate="0" complexity="5">
              <lines>
                <line number="30" hits="0"/>
                <line number="31" hits="0"/>
                <line number="33" hits="0"/>
                <line number="36" hits="0"/>
                <line number="37" hits="0"/>
                <line number="39" hits="0"/>
                <line number="42" hits="0"/>
              </lines>
            </method>
            <method name="name" signature="" line-rate="0" branch-rate="0" complexity="1">
              <lines>
                <line number="47" hits="0"/>
              </lines>
            </method>
            <method name="ref" signature="" line-rate="0" branch-rate="0" complexity="1">
              <lines>
                <line number="52" hits="0"/>
              </lines>
            </method>
          </methods>
          <lines>
            <line number="30" hits="0"/>
            <line number="31" hits="0"/>
            <line number="33" hits="0"/>
            <line number="36" hits="0"/>
            <line number="37" hits="0"/>
            <line number="39" hits="0"/>
            <line number="42" hits="0"/>
            <line number="47" hits="0"/>
            <line number="52" hits="0"/>
          </lines>
        </class>
      </classes>
    </package>
    <package name="Configuration/Swagger/Server.php" line-rate="0" branch-rate="0" complexity="7">
      <classes>
        <class name="Playground\Make\Swagger\Configuration\Swagger\Server" filename="Configuration/Swagger/Server.php" line-rate="0" branch-rate="0" complexity="7">
          <methods>
            <method name="setOptions" signature="array $options" line-rate="0" branch-rate="0" complexity="5">
              <lines>
                <line number="30" hits="0"/>
                <line number="31" hits="0"/>
                <line number="33" hits="0"/>
                <line number="36" hits="0"/>
                <line number="37" hits="0"/>
                <line number="39" hits="0"/>
                <line number="42" hits="0"/>
              </lines>
            </method>
            <method name="url" signature="" line-rate="0" branch-rate="0" complexity="1">
              <lines>
                <line number="47" hits="0"/>
              </lines>
            </method>
            <method name="description" signature="" line-rate="0" branch-rate="0" complexity="1">
              <lines>
                <line number="52" hits="0"/>
              </lines>
            </method>
          </methods>
          <lines>
            <line number="30" hits="0"/>
            <line number="31" hits="0"/>
            <line number="33" hits="0"/>
            <line number="36" hits="0"/>
            <line number="37" hits="0"/>
            <line number="39" hits="0"/>
            <line number="42" hits="0"/>
            <line number="47" hits="0"/>
            <line number="52" hits="0"/>
          </lines>
        </class>
      </classes>
    </package>
    <package name="Configuration/Swagger/SwaggerConfiguration.php" line-rate="0" branch-rate="0" complexity="2">
      <classes>
        <class name="Playground\Make\Swagger\Configuration\Swagger\SwaggerConfiguration" filename="Configuration/Swagger/SwaggerConfiguration.php" line-rate="0" branch-rate="0" complexity="2">
          <methods>
            <method name="getParent" signature="" line-rate="0" branch-rate="0" complexity="1">
              <lines>
                <line number="21" hits="0"/>
              </lines>
            </method>
            <method name="setParent" signature="Playground\Make\Swagger\Configuration\Swagger\Api $parent" line-rate="0" branch-rate="0" complexity="1">
              <lines>
                <line number="26" hits="0"/>
                <line number="28" hits="0"/>
              </lines>
            </method>
          </methods>
          <lines>
            <line number="21" hits="0"/>
            <line number="26" hits="0"/>
            <line number="28" hits="0"/>
          </lines>
        </class>
      </classes>
    </package>
    <package name="Configuration/Swagger/Tag.php" line-rate="0" branch-rate="0" complexity="14">
      <classes>
        <class name="Playground\Make\Swagger\Configuration\Swagger\Tag" filename="Configuration/Swagger/Tag.php" line-rate="0" branch-rate="0" complexity="14">
          <methods>
            <method name="setOptions" signature="array $options" line-rate="0" branch-rate="0" complexity="11">
              <lines>
                <line number="35" hits="0"/>
                <line number="36" hits="0"/>
                <line number="38" hits="0"/>
                <line number="41" hits="0"/>
                <line number="42" hits="0"/>
                <line number="44" hits="0"/>
                <line number="47" hits="0"/>
                <line number="48" hits="0"/>
                <line number="50" hits="0"/>
                <line number="53" hits="0"/>
                <line number="54" hits="0"/>
                <line number="55" hits="0"/>
                <line number="57" hits="0"/>
                <line number="58" hits="0"/>
                <line number="59" hits="0"/>
                <line number="60" hits="0"/>
                <line number="64" hits="0"/>
              </lines>
            </method>
            <method name="name" signature="" line-rate="0" branch-rate="0" complexity="1">
              <lines>
                <line number="69" hits="0"/>
              </lines>
            </method>
            <method name="description" signature="" line-rate="0" branch-rate="0" complexity="1">
              <lines>
                <line number="74" hits="0"/>
              </lines>
            </method>
            <method name="title" signature="" line-rate="0" branch-rate="0" complexity="1">
              <lines>
                <line number="79" hits="0"/>
              </lines>
            </method>
          </methods>
          <lines>
            <line number="35" hits="0"/>
            <line number="36" hits="0"/>
            <line number="38" hits="0"/>
            <line number="41" hits="0"/>
            <line number="42" hits="0"/>
            <line number="44" hits="0"/>
            <line number="47" hits="0"/>
            <line number="48" hits="0"/>
            <line number="50" hits="0"/>
            <line number="53" hits="0"/>
            <line number="54" hits="0"/>
            <line number="55" hits="0"/>
            <line number="57" hits="0"/>
            <line number="58" hits="0"/>
            <line number="59" hits="0"/>
            <line number="60" hits="0"/>
            <line number="64" hits="0"/>
            <line number="69" hits="0"/>
            <line number="74" hits="0"/>
            <line number="79" hits="0"/>
          </lines>
        </class>
      </classes>
    </package>
    <package name="Console/Commands/SwaggerMakeCommand.php" line-rate="0" branch-rate="0" complexity="21">
      <classes>
        <class name="Playground\Make\Swagger\Console\Commands\SwaggerMakeCommand" filename="Console/Commands/SwaggerMakeCommand.php" line-rate="0" branch-rate="0" complexity="21">
          <methods>
            <method name="prepareOptions" signature="" line-rate="0" branch-rate="0" complexity="7">
              <lines>
                <line number="120" hits="0"/>
                <line number="122" hits="0"/>
                <line number="130" hits="0"/>
                <line number="132" hits="0"/>
                <line number="133" hits="0"/>
                <line number="134" hits="0"/>
                <line number="135" hits="0"/>
                <line number="136" hits="0"/>
                <line number="137" hits="0"/>
                <line number="138" hits="0"/>
                <line number="139" hits="0"/>
                <line number="140" hits="0"/>
                <line number="141" hits="0"/>
                <line number="142" hits="0"/>
                <line number="143" hits="0"/>
                <line number="146" hits="0"/>
                <line number="148" hits="0"/>
                <line number="149" hits="0"/>
                <line number="150" hits="0"/>
                <line number="151" hits="0"/>
                <line number="163" hits="0"/>
                <line number="165" hits="0"/>
                <line number="166" hits="0"/>
                <line number="168" hits="0"/>
                <line number="169" hits="0"/>
                <line number="170" hits="0"/>
                <line number="171" hits="0"/>
              </lines>
            </method>
            <method name="handle" signature="" line-rate="0" branch-rate="0" complexity="5">
              <lines>
                <line number="216" hits="0"/>
                <line number="218" hits="0"/>
                <line number="220" hits="0"/>
                <line number="222" hits="0"/>
                <line number="228" hits="0"/>
                <line number="229" hits="0"/>
                <line number="230" hits="0"/>
                <line number="231" hits="0"/>
                <line number="232" hits="0"/>
                <line number="233" hits="0"/>
                <line number="234" hits="0"/>
                <line number="236" hits="0"/>
                <line number="237" hits="0"/>
                <line number="238" hits="0"/>
                <line number="239" hits="0"/>
                <line number="240" hits="0"/>
                <line number="242" hits="0"/>
                <line number="244" hits="0"/>
                <line number="246" hits="0"/>
                <line number="248" hits="0"/>
                <line number="249" hits="0"/>
                <line number="250" hits="0"/>
                <line number="252" hits="0"/>
                <line number="255" hits="0"/>
                <line number="256" hits="0"/>
                <line number="258" hits="0"/>
                <line number="261" hits="0"/>
                <line number="263" hits="0"/>
              </lines>
            </method>
            <method name="getStub" signature="" line-rate="0" branch-rate="0" complexity="1">
              <lines>
                <line number="354" hits="0"/>
                <line number="355" hits="0"/>
                <line number="356" hits="0"/>
                <line number="357" hits="0"/>
                <line number="358" hits="0"/>
              </lines>
            </method>
            <method name="getDefaultNamespace" signature="$rootNamespace" line-rate="0" branch-rate="0" complexity="1">
              <lines>
                <line number="382" hits="0"/>
                <line number="383" hits="0"/>
                <line number="384" hits="0"/>
              </lines>
            </method>
            <method name="getOptions" signature="" line-rate="0" branch-rate="0" complexity="1">
              <lines>
                <line number="406" hits="0"/>
                <line number="408" hits="0"/>
                <line number="409" hits="0"/>
                <line number="411" hits="0"/>
                <line number="412" hits="0"/>
                <line number="414" hits="0"/>
              </lines>
            </method>
            <method name="handleTestCreation" signature="$path" line-rate="0" branch-rate="0" complexity="4">
              <lines>
                <line number="447" hits="0"/>
                <line number="448" hits="0"/>
                <line number="456" hits="0"/>
              </lines>
            </method>
            <method name="getConfigurationFilename" signature="" line-rate="0" branch-rate="0" complexity="2">
              <lines>
                <line number="461" hits="0"/>
                <line number="463" hits="0"/>
                <line number="464" hits="0"/>
                <line number="467" hits="0"/>
                <line number="468" hits="0"/>
                <line number="469" hits="0"/>
                <line number="470" hits="0"/>
                <line number="471" hits="0"/>
                <line number="472" hits="0"/>
              </lines>
            </method>
          </methods>
          <lines>
            <line number="120" hits="0"/>
            <line number="122" hits="0"/>
            <line number="130" hits="0"/>
            <line number="132" hits="0"/>
            <line number="133" hits="0"/>
            <line number="134" hits="0"/>
            <line number="135" hits="0"/>
            <line number="136" hits="0"/>
            <line number="137" hits="0"/>
            <line number="138" hits="0"/>
            <line number="139" hits="0"/>
            <line number="140" hits="0"/>
            <line number="141" hits="0"/>
            <line number="142" hits="0"/>
            <line number="143" hits="0"/>
            <line number="146" hits="0"/>
            <line number="148" hits="0"/>
            <line number="149" hits="0"/>
            <line number="150" hits="0"/>
            <line number="151" hits="0"/>
            <line number="163" hits="0"/>
            <line number="165" hits="0"/>
            <line number="166" hits="0"/>
            <line number="168" hits="0"/>
            <line number="169" hits="0"/>
            <line number="170" hits="0"/>
            <line number="171" hits="0"/>
            <line number="216" hits="0"/>
            <line number="218" hits="0"/>
            <line number="220" hits="0"/>
            <line number="222" hits="0"/>
            <line number="228" hits="0"/>
            <line number="229" hits="0"/>
            <line number="230" hits="0"/>
            <line number="231" hits="0"/>
            <line number="232" hits="0"/>
            <line number="233" hits="0"/>
            <line number="234" hits="0"/>
            <line number="236" hits="0"/>
            <line number="237" hits="0"/>
            <line number="238" hits="0"/>
            <line number="239" hits="0"/>
            <line number="240" hits="0"/>
            <line number="242" hits="0"/>
            <line number="244" hits="0"/>
            <line number="246" hits="0"/>
            <line number="248" hits="0"/>
            <line number="249" hits="0"/>
            <line number="250" hits="0"/>
            <line number="252" hits="0"/>
            <line number="255" hits="0"/>
            <line number="256" hits="0"/>
            <line number="258" hits="0"/>
            <line number="261" hits="0"/>
            <line number="263" hits="0"/>
            <line number="354" hits="0"/>
            <line number="355" hits="0"/>
            <line number="356" hits="0"/>
            <line number="357" hits="0"/>
            <line number="358" hits="0"/>
            <line number="382" hits="0"/>
            <line number="383" hits="0"/>
            <line number="384" hits="0"/>
            <line number="406" hits="0"/>
            <line number="408" hits="0"/>
            <line number="409" hits="0"/>
            <line number="411" hits="0"/>
            <line number="412" hits="0"/>
            <line number="414" hits="0"/>
            <line number="447" hits="0"/>
            <line number="448" hits="0"/>
            <line number="456" hits="0"/>
            <line number="461" hits="0"/>
            <line number="463" hits="0"/>
            <line number="464" hits="0"/>
            <line number="467" hits="0"/>
            <line number="468" hits="0"/>
            <line number="469" hits="0"/>
            <line number="470" hits="0"/>
            <line number="471" hits="0"/>
            <line number="472" hits="0"/>
          </lines>
        </class>
      </classes>
    </package>
    <package name="ServiceProvider.php" line-rate="1" branch-rate="0" complexity="16">
      <classes>
        <class name="Playground\Make\Swagger\ServiceProvider" filename="ServiceProvider.php" line-rate="1" branch-rate="0" complexity="16">
          <methods>
            <method name="boot" signature="" line-rate="1" branch-rate="0" complexity="7">
              <lines>
                <line number="33" hits="1"/>
                <line number="35" hits="1"/>
                <line number="37" hits="1"/>
                <line number="38" hits="1"/>
                <line number="41" hits="1"/>
                <line number="42" hits="1"/>
                <line number="43" hits="1"/>
                <line number="44" hits="1"/>
                <line number="45" hits="1"/>
                <line number="48" hits="1"/>
                <line number="50" hits="1"/>
                <line number="51" hits="1"/>
                <line number="52" hits="1"/>
                <line number="56" hits="1"/>
                <line number="57" hits="1"/>
              </lines>
            </method>
            <method name="boot_commands" signature="" line-rate="1" branch-rate="0" complexity="1">
              <lines>
                <line number="66" hits="1"/>
                <line number="68" hits="1"/>
                <line number="70" hits="1"/>
                <line number="72" hits="1"/>
              </lines>
            </method>
            <method name="register" signature="" line-rate="1" branch-rate="0" complexity="1">
              <lines>
                <line number="80" hits="1"/>
                <line number="81" hits="1"/>
                <line number="82" hits="1"/>
                <line number="83" hits="1"/>
              </lines>
            </method>
            <method name="about" signature="" line-rate="1" branch-rate="0" complexity="6">
              <lines>
                <line number="88" hits="1"/>
                <line number="89" hits="1"/>
                <line number="91" hits="1"/>
                <line number="93" hits="1"/>
                <line number="95" hits="1"/>
                <line number="96" hits="1"/>
                <line number="97" hits="1"/>
                <line number="98" hits="1"/>
                <line number="99" hits="1"/>
                <line number="100" hits="1"/>
              </lines>
            </method>
            <method name="version" signature="" line-rate="1" branch-rate="0" complexity="1">
              <lines>
                <line number="105" hits="1"/>
              </lines>
            </method>
          </methods>
          <lines>
            <line number="33" hits="1"/>
            <line number="35" hits="1"/>
            <line number="37" hits="1"/>
            <line number="38" hits="1"/>
            <line number="41" hits="1"/>
            <line number="42" hits="1"/>
            <line number="43" hits="1"/>
            <line number="44" hits="1"/>
            <line number="45" hits="1"/>
            <line number="48" hits="1"/>
            <line number="50" hits="1"/>
            <line number="51" hits="1"/>
            <line number="52" hits="1"/>
            <line number="56" hits="1"/>
            <line number="57" hits="1"/>
            <line number="66" hits="1"/>
            <line number="68" hits="1"/>
            <line number="70" hits="1"/>
            <line number="72" hits="1"/>
            <line number="80" hits="1"/>
            <line number="81" hits="1"/>
            <line number="82" hits="1"/>
            <line number="83" hits="1"/>
            <line number="88" hits="1"/>
            <line number="89" hits="1"/>
            <line number="91" hits="1"/>
            <line number="93" hits="1"/>
            <line number="95" hits="1"/>
            <line number="96" hits="1"/>
            <line number="97" hits="1"/>
            <line number="98" hits="1"/>
            <line number="99" hits="1"/>
            <line number="100" hits="1"/>
            <line number="105" hits="1"/>
          </lines>
        </class>
      </classes>
    </package>
  </packages>
</coverage>
